<?xml version="1.0" encoding="UTF-8"?>
<testng-results skipped="0" failed="1" ignored="0" total="1" passed="0">
  <reporter-output>
  </reporter-output>
  <suite name="Default suite" duration-ms="40824" started-at="2018-04-03T15:34:03Z" finished-at="2018-04-03T15:34:44Z">
    <groups>
    </groups>
    <test name="Default test" duration-ms="40824" started-at="2018-04-03T15:34:03Z" finished-at="2018-04-03T15:34:44Z">
      <class name="com.my_qa_guide.Wait_Methods.demo.WaitMethods">
        <test-method status="PASS" signature="initialize()[pri:0, instance:com.my_qa_guide.Wait_Methods.demo.WaitMethods@73a1e9a9]" name="initialize" is-config="true" duration-ms="2746" started-at="2018-04-03T15:34:03Z" finished-at="2018-04-03T15:34:06Z">
          <reporter-output>
          </reporter-output>
        </test-method> <!-- initialize -->
        <test-method status="FAIL" signature="waitMethods(java.lang.reflect.Method)[pri:0, instance:com.my_qa_guide.Wait_Methods.demo.WaitMethods@73a1e9a9]" name="waitMethods" duration-ms="37903" started-at="2018-04-03T15:34:06Z" description="waitMethods" finished-at="2018-04-03T15:34:44Z">
          <params>
            <param index="0">
              <value>
                <![CDATA[public void com.my_qa_guide.Wait_Methods.demo.WaitMethods.waitMethods(java.lang.reflect.Method) throws java.lang.InterruptedException]]>
              </value>
            </param>
          </params>
          <exception class="org.openqa.selenium.TimeoutException">
            <message>
              <![CDATA[Expected condition failed: waiting for visibility of element located by By.name: aawfawfaw (tried for 20 second(s) with 500 milliseconds interval)]]>
            </message>
            <full-stacktrace>
              <![CDATA[org.openqa.selenium.TimeoutException: Expected condition failed: waiting for visibility of element located by By.name: aawfawfaw (tried for 20 second(s) with 500 milliseconds interval)
at org.openqa.selenium.support.ui.WebDriverWait.timeoutException(WebDriverWait.java:81)
at org.openqa.selenium.support.ui.FluentWait.until(FluentWait.java:271)
at com.my_qa_guide.Wait_Methods.demo.WaitMethods.waitMethods(WaitMethods.java:130)
at sun.reflect.NativeMethodAccessorImpl.invoke0(Native Method)
at sun.reflect.NativeMethodAccessorImpl.invoke(NativeMethodAccessorImpl.java:62)
at sun.reflect.DelegatingMethodAccessorImpl.invoke(DelegatingMethodAccessorImpl.java:43)
at java.lang.reflect.Method.invoke(Method.java:498)
at org.testng.internal.MethodInvocationHelper.invokeMethod(MethodInvocationHelper.java:124)
at org.testng.internal.Invoker.invokeMethod(Invoker.java:580)
at org.testng.internal.Invoker.invokeTestMethod(Invoker.java:716)
at org.testng.internal.Invoker.invokeTestMethods(Invoker.java:988)
at org.testng.internal.TestMethodWorker.invokeTestMethods(TestMethodWorker.java:125)
at org.testng.internal.TestMethodWorker.run(TestMethodWorker.java:109)
at org.testng.TestRunner.privateRun(TestRunner.java:648)
at org.testng.TestRunner.run(TestRunner.java:505)
at org.testng.SuiteRunner.runTest(SuiteRunner.java:455)
at org.testng.SuiteRunner.runSequentially(SuiteRunner.java:450)
at org.testng.SuiteRunner.privateRun(SuiteRunner.java:415)
at org.testng.SuiteRunner.run(SuiteRunner.java:364)
at org.testng.SuiteRunnerWorker.runSuite(SuiteRunnerWorker.java:52)
at org.testng.SuiteRunnerWorker.run(SuiteRunnerWorker.java:84)
at org.testng.TestNG.runSuitesSequentially(TestNG.java:1208)
at org.testng.TestNG.runSuitesLocally(TestNG.java:1137)
at org.testng.TestNG.runSuites(TestNG.java:1049)
at org.testng.TestNG.run(TestNG.java:1017)
at org.testng.remote.AbstractRemoteTestNG.run(AbstractRemoteTestNG.java:114)
at org.testng.remote.RemoteTestNG.initAndRun(RemoteTestNG.java:251)
at org.testng.remote.RemoteTestNG.main(RemoteTestNG.java:77)
Caused by: org.openqa.selenium.NoSuchElementException: Cannot locate an element using By.name: aawfawfaw
For documentation on this error, please visit: http://seleniumhq.org/exceptions/no_such_element.html
Build info: version: '3.11.0', revision: 'e59cfb3', time: '2018-03-11T20:26:55.152Z'
System info: host: 'ws-acosanchez', ip: '127.0.1.1', os.name: 'Linux', os.arch: 'amd64', os.version: '4.15.0-041500-generic', java.version: '1.8.0_161'
Driver info: driver.version: unknown
at org.openqa.selenium.support.ui.ExpectedConditions.lambda$findElement$0(ExpectedConditions.java:896)
at java.util.Optional.orElseThrow(Optional.java:290)
at org.openqa.selenium.support.ui.ExpectedConditions.findElement(ExpectedConditions.java:895)
at org.openqa.selenium.support.ui.ExpectedConditions.access$000(ExpectedConditions.java:44)
at org.openqa.selenium.support.ui.ExpectedConditions$7.apply(ExpectedConditions.java:206)
at org.openqa.selenium.support.ui.ExpectedConditions$7.apply(ExpectedConditions.java:202)
at org.openqa.selenium.support.ui.FluentWait.until(FluentWait.java:248)
... 26 more
]]>
            </full-stacktrace>
          </exception> <!-- org.openqa.selenium.TimeoutException -->
          <reporter-output>
          </reporter-output>
        </test-method> <!-- waitMethods -->
        <test-method status="PASS" signature="cleanNavigatorAndCloseDriver()[pri:0, instance:com.my_qa_guide.Wait_Methods.demo.WaitMethods@73a1e9a9]" name="cleanNavigatorAndCloseDriver" is-config="true" duration-ms="134" started-at="2018-04-03T15:34:44Z" finished-at="2018-04-03T15:34:44Z">
          <reporter-output>
          </reporter-output>
        </test-method> <!-- cleanNavigatorAndCloseDriver -->
      </class> <!-- com.my_qa_guide.Wait_Methods.demo.WaitMethods -->
    </test> <!-- Default test -->
  </suite> <!-- Default suite -->
</testng-results>
